<?xml version="1.0" encoding="UTF-8"?>
<testng-results skipped="0" failed="0" total="1" passed="1">
  <reporter-output>
  </reporter-output>
  <suite name="Default suite" duration-ms="9763" started-at="2017-07-13T11:09:13Z" finished-at="2017-07-13T11:09:23Z">
    <groups>
    </groups>
    <test name="Default test" duration-ms="9763" started-at="2017-07-13T11:09:13Z" finished-at="2017-07-13T11:09:23Z">
      <class name="com.fengjr.api.CheckBJUserInfo">
        <test-method status="PASS" signature="getUserAccountInfo()[pri:0, instance:com.fengjr.api.CheckBJUserInfo@138218]" name="getUserAccountInfo" duration-ms="9748" started-at="2017-07-13T19:09:13Z" finished-at="2017-07-13T19:09:23Z">
          <reporter-output>
          </reporter-output>
        </test-method> <!-- getUserAccountInfo -->
      </class> <!-- com.fengjr.api.CheckBJUserInfo -->
    </test> <!-- Default test -->
  </suite> <!-- Default suite -->
</testng-results>
